<?xml version="1.0" encoding="UTF-8"?>
<testng-results ignored="0" total="1" passed="1" failed="0" skipped="0">
  <reporter-output>
  </reporter-output>
  <suite started-at="2023-02-06T09:41:54 IST" name="Default suite" finished-at="2023-02-06T09:42:06 IST" duration-ms="11939">
    <groups>
    </groups>
    <test started-at="2023-02-06T09:41:54 IST" name="Default test" finished-at="2023-02-06T09:42:06 IST" duration-ms="11939">
      <class name="deliveroo.TestCase1_Home">
        <test-method signature="startTest()[pri:0, instance:deliveroo.TestCase1_Home@2892d68]" started-at="2023-02-06T09:41:54 IST" name="startTest" finished-at="2023-02-06T09:42:06 IST" duration-ms="11890" status="PASS">
          <reporter-output>
          </reporter-output>
        </test-method> <!-- startTest -->
      </class> <!-- deliveroo.TestCase1_Home -->
    </test> <!-- Default test -->
  </suite> <!-- Default suite -->
</testng-results>
